<?xml version="1.0" encoding="UTF-8"?>
<!-- Generated by org.testng.reporters.JUnitReportReporter -->
<testsuite hostname="DESKTOP-GFJL6LQ" failures="0" tests="2" name="Apitesting.Apitesting" time="39.900" errors="0" timestamp="2022-12-05T11:38:52 IST" skipped="0">
  <testcase classname="Apitesting.Apitesting" name="post_get" time="38.413"/>
  <system-out/>
  <testcase classname="Apitesting.Apitesting" name="statucode" time="1.487"/>
  <system-out/>
</testsuite> <!-- Apitesting.Apitesting -->
